TN:
SF:src/modules/appointments/services/CreateAppointmentService.ts
FN:15,(anonymous_18)
FN:16,CreateAppointmentService
FN:21,(anonymous_20)
FNF:3
FNH:3
FNDA:1,(anonymous_18)
FNDA:2,CreateAppointmentService
FNDA:3,(anonymous_20)
DA:1,1
DA:2,1
DA:4,1
DA:15,1
DA:18,2
DA:21,3
DA:22,3
DA:24,3
DA:28,3
DA:29,1
DA:32,2
DA:37,2
DA:39,1
DA:41,1
LF:14
LH:14
BRDA:28,0,0,1
BRDA:28,0,1,2
BRF:2
BRH:2
end_of_record
TN:
SF:src/modules/users/services/AuthenticateUserService.ts
FN:22,(anonymous_18)
FN:23,AuthenticateUserService
FN:31,(anonymous_20)
FNF:3
FNH:3
FNDA:1,(anonymous_18)
FNDA:3,AuthenticateUserService
FNDA:3,(anonymous_20)
DA:1,1
DA:2,1
DA:3,1
DA:5,1
DA:22,1
DA:25,3
DA:28,3
DA:31,3
DA:32,3
DA:34,3
DA:35,1
DA:38,2
DA:43,2
DA:44,1
DA:47,1
DA:49,1
DA:54,1
DA:59,1
DA:61,1
LF:19
LH:19
BRDA:32,0,0,3
BRDA:34,1,0,1
BRDA:34,1,1,2
BRDA:43,2,0,1
BRDA:43,2,1,1
BRF:5
BRH:5
end_of_record
TN:
SF:src/modules/users/services/CreateUserService.ts
FN:16,(anonymous_18)
FN:17,CreateUserService
FN:25,(anonymous_20)
FNF:3
FNH:3
FNDA:2,(anonymous_18)
FNDA:5,CreateUserService
FNDA:5,(anonymous_20)
DA:1,2
DA:7,2
DA:16,2
DA:19,5
DA:22,5
DA:25,5
DA:26,5
DA:28,5
DA:29,1
DA:32,4
DA:34,4
DA:40,4
DA:42,2
DA:44,2
LF:14
LH:14
BRDA:26,0,0,5
BRDA:28,1,0,1
BRDA:28,1,1,4
BRF:3
BRH:3
end_of_record
TN:
SF:src/modules/users/services/ResetPasswordService.ts
FN:17,(anonymous_18)
FN:18,ResetPasswordService
FN:29,(anonymous_20)
FNF:3
FNH:3
FNDA:1,(anonymous_18)
FNDA:4,ResetPasswordService
FNDA:4,(anonymous_20)
DA:1,1
DA:2,1
DA:4,1
DA:17,1
DA:20,4
DA:23,4
DA:26,4
DA:29,4
DA:30,4
DA:32,4
DA:33,1
DA:36,3
DA:38,3
DA:39,1
DA:42,2
DA:44,2
DA:46,2
DA:47,1
DA:50,1
DA:52,2
DA:54,1
DA:56,1
LF:22
LH:22
BRDA:30,0,0,4
BRDA:32,1,0,1
BRDA:32,1,1,3
BRDA:38,2,0,1
BRDA:38,2,1,2
BRDA:46,3,0,1
BRDA:46,3,1,1
BRF:7
BRH:7
end_of_record
TN:
SF:src/modules/users/services/SendForgotPasswordEmailService.ts
FN:15,(anonymous_18)
FN:16,SendForgotPasswordEmailService
FN:27,(anonymous_20)
FNF:3
FNH:3
FNDA:1,(anonymous_18)
FNDA:3,SendForgotPasswordEmailService
FNDA:3,(anonymous_20)
DA:1,1
DA:2,1
DA:8,1
DA:15,1
DA:18,3
DA:21,3
DA:24,3
DA:27,3
DA:28,3
DA:30,3
DA:31,1
DA:34,2
DA:36,2
DA:43,4
DA:58,1
DA:60,1
LF:16
LH:16
BRDA:28,0,0,3
BRDA:30,1,0,1
BRDA:30,1,1,2
BRF:3
BRH:3
end_of_record
TN:
SF:src/modules/users/services/ShowProfileService.ts
FN:14,(anonymous_18)
FN:15,ShowProfileService
FN:20,(anonymous_20)
FNF:3
FNH:3
FNDA:1,(anonymous_18)
FNDA:2,ShowProfileService
FNDA:2,(anonymous_20)
DA:1,1
DA:3,1
DA:14,1
DA:17,2
DA:20,2
DA:21,2
DA:23,2
DA:24,1
DA:27,1
DA:29,1
DA:31,1
LF:11
LH:11
BRDA:21,0,0,2
BRDA:23,1,0,1
BRDA:23,1,1,1
BRF:3
BRH:3
end_of_record
TN:
SF:src/modules/users/services/UpdateProfileService.ts
FN:19,(anonymous_18)
FN:20,UpdateProfileService
FN:28,(anonymous_20)
FNF:3
FNH:3
FNDA:1,(anonymous_18)
FNDA:6,UpdateProfileService
FNDA:6,(anonymous_20)
DA:1,1
DA:3,1
DA:19,1
DA:22,6
DA:25,6
DA:28,1
DA:29,6
DA:30,6
DA:31,6
DA:32,6
DA:33,6
DA:35,6
DA:37,6
DA:38,1
DA:41,5
DA:43,5
DA:44,1
DA:47,4
DA:48,4
DA:50,4
DA:51,1
DA:56,4
DA:57,2
DA:62,2
DA:63,1
DA:66,1
DA:69,2
DA:71,1
DA:73,1
LF:29
LH:29
BRDA:35,0,0,6
BRDA:35,0,1,2
BRDA:37,1,0,1
BRDA:37,1,1,5
BRDA:43,2,0,1
BRDA:43,2,1,4
BRDA:43,3,0,5
BRDA:43,3,1,1
BRDA:50,4,0,1
BRDA:50,4,1,3
BRDA:50,5,0,4
BRDA:50,5,1,3
BRDA:56,6,0,1
BRDA:56,6,1,2
BRDA:56,7,0,3
BRDA:56,7,1,2
BRDA:62,8,0,1
BRDA:62,8,1,1
BRF:18
BRH:18
end_of_record
TN:
SF:src/modules/users/services/UpdateUserAvatarService.ts
FN:16,(anonymous_18)
FN:17,UpdateUserAvatarService
FN:25,(anonymous_20)
FNF:3
FNH:3
FNDA:1,(anonymous_18)
FNDA:3,UpdateUserAvatarService
FNDA:4,(anonymous_20)
DA:1,1
DA:3,1
DA:16,1
DA:19,3
DA:22,3
DA:25,4
DA:26,4
DA:28,4
DA:29,1
DA:32,5
DA:33,2
DA:36,3
DA:38,3
DA:40,6
DA:42,3
DA:44,1
DA:46,1
LF:17
LH:17
BRDA:26,0,0,4
BRDA:26,0,1,3
BRDA:28,1,0,1
BRDA:28,1,1,3
BRDA:32,2,0,2
BRDA:32,2,1,1
BRF:6
BRH:6
end_of_record
